[2024-04-14 08:41:37] [INFO]    [OmnipathR] Welcome to OmnipathR!
[2024-04-14 08:41:37] [TRACE]   [OmnipathR] Reading JSON from `/home/yooeunkim_980629/.cache/OmnipathR/cache.json` (encoding: UTF-8).
[2024-04-14 08:41:37] [TRACE]   [OmnipathR] JSON validation successful: TRUE
[2024-04-14 08:41:37] [INFO]    [OmnipathR] Initialized cache: `/home/yooeunkim_980629/.cache/OmnipathR`.
[2024-04-14 08:41:37] [TRACE]   [OmnipathR] Reading JSON from `/home/local/kyeonghunjeong_920205/R_lib/OmnipathR/db/db_def.json` (encoding: UTF-8).
[2024-04-14 08:41:37] [TRACE]   [OmnipathR] JSON validation successful: TRUE
[2024-04-14 08:41:37] [TRACE]   [OmnipathR] Reading JSON from `/home/local/kyeonghunjeong_920205/R_lib/OmnipathR/internal/magic_bytes.json` (encoding: UTF-8).
[2024-04-14 08:41:37] [TRACE]   [OmnipathR] JSON validation successful: TRUE
[2024-04-14 08:41:37] [TRACE]   [OmnipathR] Reading JSON from `/home/local/kyeonghunjeong_920205/R_lib/OmnipathR/internal/urls.json` (encoding: UTF-8).
[2024-04-14 08:41:37] [TRACE]   [OmnipathR] JSON validation successful: TRUE
[2024-04-14 08:41:37] [TRACE]   [OmnipathR] Reading JSON from `/home/local/kyeonghunjeong_920205/R_lib/OmnipathR/internal/id_types.json` (encoding: UTF-8).
[2024-04-14 08:41:37] [TRACE]   [OmnipathR] JSON validation successful: TRUE
[2024-04-14 08:41:53] [INFO]    [OmnipathR] Welcome to OmnipathR!
[2024-04-14 08:41:53] [TRACE]   [OmnipathR] Reading JSON from `/home/yooeunkim_980629/.cache/OmnipathR/cache.json` (encoding: UTF-8).
[2024-04-14 08:41:53] [TRACE]   [OmnipathR] JSON validation successful: TRUE
[2024-04-14 08:41:53] [INFO]    [OmnipathR] Initialized cache: `/home/yooeunkim_980629/.cache/OmnipathR`.
[2024-04-14 08:41:53] [TRACE]   [OmnipathR] Reading JSON from `/home/local/kyeonghunjeong_920205/R_lib/OmnipathR/db/db_def.json` (encoding: UTF-8).
[2024-04-14 08:41:53] [TRACE]   [OmnipathR] JSON validation successful: TRUE
[2024-04-14 08:41:53] [TRACE]   [OmnipathR] Reading JSON from `/home/local/kyeonghunjeong_920205/R_lib/OmnipathR/internal/magic_bytes.json` (encoding: UTF-8).
[2024-04-14 08:41:54] [TRACE]   [OmnipathR] JSON validation successful: TRUE
[2024-04-14 08:41:54] [TRACE]   [OmnipathR] Reading JSON from `/home/local/kyeonghunjeong_920205/R_lib/OmnipathR/internal/urls.json` (encoding: UTF-8).
[2024-04-14 08:41:54] [TRACE]   [OmnipathR] JSON validation successful: TRUE
[2024-04-14 08:41:54] [TRACE]   [OmnipathR] Reading JSON from `/home/local/kyeonghunjeong_920205/R_lib/OmnipathR/internal/id_types.json` (encoding: UTF-8).
[2024-04-14 08:41:54] [TRACE]   [OmnipathR] JSON validation successful: TRUE
[2024-04-14 08:43:43] [TRACE]   [OmnipathR] Reading JSON from `https://omnipathdb.org/resources` (encoding: UTF-8).
[2024-04-14 08:43:43] [TRACE]   [OmnipathR] JSON validation successful: TRUE
[2024-04-14 08:48:33] [TRACE]   [OmnipathR] Reading JSON from `https://omnipathdb.org/resources` (encoding: UTF-8).
[2024-04-14 08:48:33] [TRACE]   [OmnipathR] JSON validation successful: TRUE
[2024-04-14 08:49:16] [INFO]    [OmnipathR] Loading database `Ensembl and OMA organism names`.
[2024-04-14 08:49:16] [INFO]    [OmnipathR] Looking up in cache `https://www.ensembl.org/info/about/species.html`: key=7332486db7400730697234bad76ca0c8e4d00799, latest version=1.
[2024-04-14 08:49:16] [TRACE]   [OmnipathR] Cache file path: /home/yooeunkim_980629/.cache/OmnipathR/7332486db7400730697234bad76ca0c8e4d00799-1.html
[2024-04-14 08:49:16] [TRACE]   [OmnipathR] Looking up in cache: `https://omabrowser.org/All/oma-species.txt`.
[2024-04-14 08:49:16] [TRACE]   [OmnipathR] Loaded data from RDS `/home/yooeunkim_980629/.cache/OmnipathR/30e690cbb55dfc63b5903ab337f34ffc2f4be397-1.rds`.
[2024-04-14 08:49:16] [INFO]    [OmnipathR] Loaded database `Ensembl and OMA organism names`.
[2024-04-14 08:49:17] [TRACE]   [OmnipathR] Reading JSON from `https://omnipathdb.org/resources` (encoding: UTF-8).
[2024-04-14 08:49:17] [TRACE]   [OmnipathR] JSON validation successful: TRUE
[2024-04-14 08:49:18] [TRACE]   [OmnipathR] Looking up in cache: `https://omnipathdb.org/interactions?genesymbols=yes&resources=DEPOD,SIGNOR,Reactome_ProtMapper,CORUM&datasets=omnipath&organisms=9606&fields=sources,references,curation_effort&license=academic`
[2024-04-14 08:49:18] [INFO]    [OmnipathR] Cache record does not exist: `https://omnipathdb.org/interactions?genesymbols=yes&resources=DEPOD,SIGNOR,Reactome_ProtMapper,CORUM&datasets=omnipath&organisms=9606&fields=sources,references,curation_effort&license=academic`
[2024-04-14 08:49:18] [TRACE]   [OmnipathR] Looking up in cache: `http://no-tls.omnipathdb.org/interactions?genesymbols=yes&resources=DEPOD,SIGNOR,Reactome_ProtMapper,CORUM&datasets=omnipath&organisms=9606&fields=sources,references,curation_effort&license=academic`
[2024-04-14 08:49:18] [INFO]    [OmnipathR] Cache record does not exist: `http://no-tls.omnipathdb.org/interactions?genesymbols=yes&resources=DEPOD,SIGNOR,Reactome_ProtMapper,CORUM&datasets=omnipath&organisms=9606&fields=sources,references,curation_effort&license=academic`
[2024-04-14 08:49:18] [TRACE]   [OmnipathR] Attempting `https://omnipathdb.org/interactions?genesymbols=yes&resources=DEPOD,SIGNOR,Reactome_ProtMapper,CORUM&datasets=omnipath&organisms=9606&fields=sources,references,curation_effort&license=academic`
[2024-04-14 08:49:18] [INFO]    [OmnipathR] Retrieving URL: `https://omnipathdb.org/interactions?genesymbols=yes&resources=DEPOD,SIGNOR,Reactome_ProtMapper,CORUM&datasets=omnipath&organisms=9606&fields=sources,references,curation_effort&license=academic`
[2024-04-14 08:49:18] [TRACE]   [OmnipathR] Attempt 1/3: `https://omnipathdb.org/interactions?genesymbols=yes&resources=DEPOD,SIGNOR,Reactome_ProtMapper,CORUM&datasets=omnipath&organisms=9606&fields=sources,references,curation_effort&license=academic`
[2024-04-14 08:49:22] [INFO]    [OmnipathR] Successfully retrieved: `https://omnipathdb.org/interactions?genesymbols=yes&resources=DEPOD,SIGNOR,Reactome_ProtMapper,CORUM&datasets=omnipath&organisms=9606&fields=sources,references,curation_effort&license=academic`
[2024-04-14 08:49:22] [TRACE]   [OmnipathR] Reading JSON from `/home/yooeunkim_980629/.cache/OmnipathR/cache.json` (encoding: UTF-8).
[2024-04-14 08:49:22] [TRACE]   [OmnipathR] JSON validation successful: TRUE
[2024-04-14 08:49:22] [TRACE]   [OmnipathR] Reading JSON from `/home/yooeunkim_980629/.cache/OmnipathR/cache.json` (encoding: UTF-8).
[2024-04-14 08:49:22] [TRACE]   [OmnipathR] JSON validation successful: TRUE
[2024-04-14 08:49:22] [INFO]    [OmnipathR] Cache item `0ac29154313403165300ac719912b1cf8075b9f6` version 1: status changed from `unknown` to `started`.
[2024-04-14 08:49:22] [TRACE]   [OmnipathR] Exporting object to RDS: `/home/yooeunkim_980629/.cache/OmnipathR/0ac29154313403165300ac719912b1cf8075b9f6-1.rds`.
[2024-04-14 08:49:22] [TRACE]   [OmnipathR] Exported RDS to `/home/yooeunkim_980629/.cache/OmnipathR/0ac29154313403165300ac719912b1cf8075b9f6-1.rds`.
[2024-04-14 08:49:22] [INFO]    [OmnipathR] Download ready [key=0ac29154313403165300ac719912b1cf8075b9f6, version=1]
[2024-04-14 08:49:22] [TRACE]   [OmnipathR] Reading JSON from `/home/yooeunkim_980629/.cache/OmnipathR/cache.json` (encoding: UTF-8).
[2024-04-14 08:49:22] [TRACE]   [OmnipathR] JSON validation successful: TRUE
[2024-04-14 08:49:22] [INFO]    [OmnipathR] Cache item `0ac29154313403165300ac719912b1cf8075b9f6` version 1: status changed from `started` to `ready`.
[2024-04-14 08:49:24] [SUCCESS] [OmnipathR] Downloaded 62105 interactions.
[2024-04-14 08:50:02] [TRACE]   [OmnipathR] Reading JSON from `https://omnipathdb.org/resources` (encoding: UTF-8).
[2024-04-14 08:50:02] [TRACE]   [OmnipathR] JSON validation successful: TRUE
[2024-04-14 08:50:03] [TRACE]   [OmnipathR] Looking up in cache: `https://omnipathdb.org/interactions?genesymbols=yes&resources=DEPOD,SIGNOR,Reactome_ProtMapper,omnipath&datasets=omnipath&organisms=9606&fields=sources,references,curation_effort&license=academic`
[2024-04-14 08:50:03] [INFO]    [OmnipathR] Cache record does not exist: `https://omnipathdb.org/interactions?genesymbols=yes&resources=DEPOD,SIGNOR,Reactome_ProtMapper,omnipath&datasets=omnipath&organisms=9606&fields=sources,references,curation_effort&license=academic`
[2024-04-14 08:50:03] [TRACE]   [OmnipathR] Looking up in cache: `http://no-tls.omnipathdb.org/interactions?genesymbols=yes&resources=DEPOD,SIGNOR,Reactome_ProtMapper,omnipath&datasets=omnipath&organisms=9606&fields=sources,references,curation_effort&license=academic`
[2024-04-14 08:50:03] [INFO]    [OmnipathR] Cache record does not exist: `http://no-tls.omnipathdb.org/interactions?genesymbols=yes&resources=DEPOD,SIGNOR,Reactome_ProtMapper,omnipath&datasets=omnipath&organisms=9606&fields=sources,references,curation_effort&license=academic`
[2024-04-14 08:50:03] [TRACE]   [OmnipathR] Attempting `https://omnipathdb.org/interactions?genesymbols=yes&resources=DEPOD,SIGNOR,Reactome_ProtMapper,omnipath&datasets=omnipath&organisms=9606&fields=sources,references,curation_effort&license=academic`
[2024-04-14 08:50:03] [INFO]    [OmnipathR] Retrieving URL: `https://omnipathdb.org/interactions?genesymbols=yes&resources=DEPOD,SIGNOR,Reactome_ProtMapper,omnipath&datasets=omnipath&organisms=9606&fields=sources,references,curation_effort&license=academic`
[2024-04-14 08:50:03] [TRACE]   [OmnipathR] Attempt 1/3: `https://omnipathdb.org/interactions?genesymbols=yes&resources=DEPOD,SIGNOR,Reactome_ProtMapper,omnipath&datasets=omnipath&organisms=9606&fields=sources,references,curation_effort&license=academic`
[2024-04-14 08:50:07] [INFO]    [OmnipathR] Successfully retrieved: `https://omnipathdb.org/interactions?genesymbols=yes&resources=DEPOD,SIGNOR,Reactome_ProtMapper,omnipath&datasets=omnipath&organisms=9606&fields=sources,references,curation_effort&license=academic`
[2024-04-14 08:50:07] [TRACE]   [OmnipathR] Reading JSON from `/home/yooeunkim_980629/.cache/OmnipathR/cache.json` (encoding: UTF-8).
[2024-04-14 08:50:07] [TRACE]   [OmnipathR] JSON validation successful: TRUE
[2024-04-14 08:50:07] [TRACE]   [OmnipathR] Reading JSON from `/home/yooeunkim_980629/.cache/OmnipathR/cache.json` (encoding: UTF-8).
[2024-04-14 08:50:07] [TRACE]   [OmnipathR] JSON validation successful: TRUE
[2024-04-14 08:50:07] [INFO]    [OmnipathR] Cache item `33dd92d83d494ed309a286652fa0c9fad019c9b3` version 1: status changed from `unknown` to `started`.
[2024-04-14 08:50:07] [TRACE]   [OmnipathR] Exporting object to RDS: `/home/yooeunkim_980629/.cache/OmnipathR/33dd92d83d494ed309a286652fa0c9fad019c9b3-1.rds`.
[2024-04-14 08:50:08] [TRACE]   [OmnipathR] Exported RDS to `/home/yooeunkim_980629/.cache/OmnipathR/33dd92d83d494ed309a286652fa0c9fad019c9b3-1.rds`.
[2024-04-14 08:50:08] [INFO]    [OmnipathR] Download ready [key=33dd92d83d494ed309a286652fa0c9fad019c9b3, version=1]
[2024-04-14 08:50:08] [TRACE]   [OmnipathR] Reading JSON from `/home/yooeunkim_980629/.cache/OmnipathR/cache.json` (encoding: UTF-8).
[2024-04-14 08:50:08] [TRACE]   [OmnipathR] JSON validation successful: TRUE
[2024-04-14 08:50:08] [INFO]    [OmnipathR] Cache item `33dd92d83d494ed309a286652fa0c9fad019c9b3` version 1: status changed from `started` to `ready`.
[2024-04-14 08:50:10] [SUCCESS] [OmnipathR] Downloaded 62105 interactions.
[2024-04-14 08:50:32] [TRACE]   [OmnipathR] Reading JSON from `https://omnipathdb.org/resources` (encoding: UTF-8).
[2024-04-14 08:50:32] [TRACE]   [OmnipathR] JSON validation successful: TRUE
[2024-04-14 08:50:48] [TRACE]   [OmnipathR] Reading JSON from `https://omnipathdb.org/resources` (encoding: UTF-8).
[2024-04-14 08:50:48] [TRACE]   [OmnipathR] JSON validation successful: TRUE
[2024-04-14 08:50:48] [TRACE]   [OmnipathR] Looking up in cache: `https://omnipathdb.org/interactions?genesymbols=yes&resources=DEPOD,SIGNOR,Reactome_ProtMapper&datasets=omnipath&organisms=9606&fields=sources,references,curation_effort&license=academic`
[2024-04-14 08:50:48] [INFO]    [OmnipathR] Cache record does not exist: `https://omnipathdb.org/interactions?genesymbols=yes&resources=DEPOD,SIGNOR,Reactome_ProtMapper&datasets=omnipath&organisms=9606&fields=sources,references,curation_effort&license=academic`
[2024-04-14 08:50:48] [TRACE]   [OmnipathR] Looking up in cache: `http://no-tls.omnipathdb.org/interactions?genesymbols=yes&resources=DEPOD,SIGNOR,Reactome_ProtMapper&datasets=omnipath&organisms=9606&fields=sources,references,curation_effort&license=academic`
[2024-04-14 08:50:48] [INFO]    [OmnipathR] Cache record does not exist: `http://no-tls.omnipathdb.org/interactions?genesymbols=yes&resources=DEPOD,SIGNOR,Reactome_ProtMapper&datasets=omnipath&organisms=9606&fields=sources,references,curation_effort&license=academic`
[2024-04-14 08:50:48] [TRACE]   [OmnipathR] Attempting `https://omnipathdb.org/interactions?genesymbols=yes&resources=DEPOD,SIGNOR,Reactome_ProtMapper&datasets=omnipath&organisms=9606&fields=sources,references,curation_effort&license=academic`
[2024-04-14 08:50:48] [INFO]    [OmnipathR] Retrieving URL: `https://omnipathdb.org/interactions?genesymbols=yes&resources=DEPOD,SIGNOR,Reactome_ProtMapper&datasets=omnipath&organisms=9606&fields=sources,references,curation_effort&license=academic`
[2024-04-14 08:50:48] [TRACE]   [OmnipathR] Attempt 1/3: `https://omnipathdb.org/interactions?genesymbols=yes&resources=DEPOD,SIGNOR,Reactome_ProtMapper&datasets=omnipath&organisms=9606&fields=sources,references,curation_effort&license=academic`
[2024-04-14 08:50:53] [INFO]    [OmnipathR] Successfully retrieved: `https://omnipathdb.org/interactions?genesymbols=yes&resources=DEPOD,SIGNOR,Reactome_ProtMapper&datasets=omnipath&organisms=9606&fields=sources,references,curation_effort&license=academic`
[2024-04-14 08:50:53] [TRACE]   [OmnipathR] Reading JSON from `/home/yooeunkim_980629/.cache/OmnipathR/cache.json` (encoding: UTF-8).
[2024-04-14 08:50:53] [TRACE]   [OmnipathR] JSON validation successful: TRUE
[2024-04-14 08:50:53] [TRACE]   [OmnipathR] Reading JSON from `/home/yooeunkim_980629/.cache/OmnipathR/cache.json` (encoding: UTF-8).
[2024-04-14 08:50:53] [TRACE]   [OmnipathR] JSON validation successful: TRUE
[2024-04-14 08:50:53] [INFO]    [OmnipathR] Cache item `65a63037dfb353512da49421fcd0475ee3be8177` version 1: status changed from `unknown` to `started`.
[2024-04-14 08:50:53] [TRACE]   [OmnipathR] Exporting object to RDS: `/home/yooeunkim_980629/.cache/OmnipathR/65a63037dfb353512da49421fcd0475ee3be8177-1.rds`.
[2024-04-14 08:50:53] [TRACE]   [OmnipathR] Exported RDS to `/home/yooeunkim_980629/.cache/OmnipathR/65a63037dfb353512da49421fcd0475ee3be8177-1.rds`.
[2024-04-14 08:50:53] [INFO]    [OmnipathR] Download ready [key=65a63037dfb353512da49421fcd0475ee3be8177, version=1]
[2024-04-14 08:50:53] [TRACE]   [OmnipathR] Reading JSON from `/home/yooeunkim_980629/.cache/OmnipathR/cache.json` (encoding: UTF-8).
[2024-04-14 08:50:53] [TRACE]   [OmnipathR] JSON validation successful: TRUE
[2024-04-14 08:50:53] [INFO]    [OmnipathR] Cache item `65a63037dfb353512da49421fcd0475ee3be8177` version 1: status changed from `started` to `ready`.
[2024-04-14 08:50:55] [SUCCESS] [OmnipathR] Downloaded 62105 interactions.
