[2024-04-17 06:30:35] [INFO]    [OmnipathR] Welcome to OmnipathR!
[2024-04-17 06:30:35] [TRACE]   [OmnipathR] Reading JSON from `/home/yooeunkim_980629/.cache/OmnipathR/cache.json` (encoding: UTF-8).
[2024-04-17 06:30:35] [TRACE]   [OmnipathR] JSON validation successful: TRUE
[2024-04-17 06:30:35] [INFO]    [OmnipathR] Initialized cache: `/home/yooeunkim_980629/.cache/OmnipathR`.
[2024-04-17 06:30:35] [TRACE]   [OmnipathR] Reading JSON from `/home/local/kyeonghunjeong_920205/R_lib/OmnipathR/db/db_def.json` (encoding: UTF-8).
[2024-04-17 06:30:35] [TRACE]   [OmnipathR] JSON validation successful: TRUE
[2024-04-17 06:30:35] [TRACE]   [OmnipathR] Reading JSON from `/home/local/kyeonghunjeong_920205/R_lib/OmnipathR/internal/magic_bytes.json` (encoding: UTF-8).
[2024-04-17 06:30:35] [TRACE]   [OmnipathR] JSON validation successful: TRUE
[2024-04-17 06:30:35] [TRACE]   [OmnipathR] Reading JSON from `/home/local/kyeonghunjeong_920205/R_lib/OmnipathR/internal/urls.json` (encoding: UTF-8).
[2024-04-17 06:30:35] [TRACE]   [OmnipathR] JSON validation successful: TRUE
[2024-04-17 06:30:35] [TRACE]   [OmnipathR] Reading JSON from `/home/local/kyeonghunjeong_920205/R_lib/OmnipathR/internal/id_types.json` (encoding: UTF-8).
[2024-04-17 06:30:35] [TRACE]   [OmnipathR] JSON validation successful: TRUE
[2024-04-17 06:30:50] [INFO]    [OmnipathR] Welcome to OmnipathR!
[2024-04-17 06:30:50] [TRACE]   [OmnipathR] Reading JSON from `/home/yooeunkim_980629/.cache/OmnipathR/cache.json` (encoding: UTF-8).
[2024-04-17 06:30:50] [TRACE]   [OmnipathR] JSON validation successful: TRUE
[2024-04-17 06:30:50] [INFO]    [OmnipathR] Initialized cache: `/home/yooeunkim_980629/.cache/OmnipathR`.
[2024-04-17 06:30:50] [TRACE]   [OmnipathR] Reading JSON from `/home/local/kyeonghunjeong_920205/R_lib/OmnipathR/db/db_def.json` (encoding: UTF-8).
[2024-04-17 06:30:50] [TRACE]   [OmnipathR] JSON validation successful: TRUE
[2024-04-17 06:30:50] [TRACE]   [OmnipathR] Reading JSON from `/home/local/kyeonghunjeong_920205/R_lib/OmnipathR/internal/magic_bytes.json` (encoding: UTF-8).
[2024-04-17 06:30:50] [TRACE]   [OmnipathR] JSON validation successful: TRUE
[2024-04-17 06:30:50] [TRACE]   [OmnipathR] Reading JSON from `/home/local/kyeonghunjeong_920205/R_lib/OmnipathR/internal/urls.json` (encoding: UTF-8).
[2024-04-17 06:30:50] [TRACE]   [OmnipathR] JSON validation successful: TRUE
[2024-04-17 06:30:50] [TRACE]   [OmnipathR] Reading JSON from `/home/local/kyeonghunjeong_920205/R_lib/OmnipathR/internal/id_types.json` (encoding: UTF-8).
[2024-04-17 06:30:50] [TRACE]   [OmnipathR] JSON validation successful: TRUE
