[2024-04-11 10:22:41] [INFO]    [OmnipathR] Welcome to OmnipathR!
[2024-04-11 10:22:41] [INFO]    [OmnipathR] Setting up new cache directory `/home/yooeunkim_980629/.cache/OmnipathR`.
[2024-04-11 10:22:41] [TRACE]   [OmnipathR] Reading JSON from `/home/yooeunkim_980629/.cache/OmnipathR/cache.json` (encoding: UTF-8).
[2024-04-11 10:22:41] [TRACE]   [OmnipathR] JSON validation successful: TRUE
[2024-04-11 10:22:41] [INFO]    [OmnipathR] Initialized cache: `/home/yooeunkim_980629/.cache/OmnipathR`.
[2024-04-11 10:22:42] [INFO]    [OmnipathR] Welcome to OmnipathR!
[2024-04-11 10:22:42] [TRACE]   [OmnipathR] Reading JSON from `/home/yooeunkim_980629/.cache/OmnipathR/cache.json` (encoding: UTF-8).
[2024-04-11 10:22:42] [TRACE]   [OmnipathR] JSON validation successful: TRUE
[2024-04-11 10:22:42] [INFO]    [OmnipathR] Initialized cache: `/home/yooeunkim_980629/.cache/OmnipathR`.
[2024-04-11 10:22:42] [TRACE]   [OmnipathR] Reading JSON from `/home/local/kyeonghunjeong_920205/R_lib/OmnipathR/db/db_def.json` (encoding: UTF-8).
[2024-04-11 10:22:42] [TRACE]   [OmnipathR] Reading JSON from `/home/local/kyeonghunjeong_920205/R_lib/OmnipathR/db/db_def.json` (encoding: UTF-8).
[2024-04-11 10:22:42] [TRACE]   [OmnipathR] JSON validation successful: TRUE
[2024-04-11 10:22:42] [TRACE]   [OmnipathR] JSON validation successful: TRUE
[2024-04-11 10:22:42] [TRACE]   [OmnipathR] Reading JSON from `/home/local/kyeonghunjeong_920205/R_lib/OmnipathR/internal/magic_bytes.json` (encoding: UTF-8).
[2024-04-11 10:22:42] [TRACE]   [OmnipathR] Reading JSON from `/home/local/kyeonghunjeong_920205/R_lib/OmnipathR/internal/magic_bytes.json` (encoding: UTF-8).
[2024-04-11 10:22:42] [TRACE]   [OmnipathR] JSON validation successful: TRUE
[2024-04-11 10:22:42] [TRACE]   [OmnipathR] JSON validation successful: TRUE
[2024-04-11 10:22:42] [TRACE]   [OmnipathR] Reading JSON from `/home/local/kyeonghunjeong_920205/R_lib/OmnipathR/internal/urls.json` (encoding: UTF-8).
[2024-04-11 10:22:42] [TRACE]   [OmnipathR] Reading JSON from `/home/local/kyeonghunjeong_920205/R_lib/OmnipathR/internal/urls.json` (encoding: UTF-8).
[2024-04-11 10:22:42] [TRACE]   [OmnipathR] JSON validation successful: TRUE
[2024-04-11 10:22:42] [TRACE]   [OmnipathR] JSON validation successful: TRUE
[2024-04-11 10:22:42] [TRACE]   [OmnipathR] Reading JSON from `/home/local/kyeonghunjeong_920205/R_lib/OmnipathR/internal/id_types.json` (encoding: UTF-8).
[2024-04-11 10:22:42] [TRACE]   [OmnipathR] Reading JSON from `/home/local/kyeonghunjeong_920205/R_lib/OmnipathR/internal/id_types.json` (encoding: UTF-8).
[2024-04-11 10:22:42] [TRACE]   [OmnipathR] JSON validation successful: TRUE
[2024-04-11 10:22:42] [TRACE]   [OmnipathR] JSON validation successful: TRUE
[2024-04-11 10:23:39] [TRACE]   [OmnipathR] Reading JSON from `https://omnipathdb.org/resources` (encoding: UTF-8).
[2024-04-11 10:23:39] [TRACE]   [OmnipathR] JSON validation successful: TRUE
[2024-04-11 10:24:47] [INFO]    [OmnipathR] Loading database `Ensembl and OMA organism names`.
[2024-04-11 10:24:47] [TRACE]   [OmnipathR] Reading JSON from `/home/yooeunkim_980629/.cache/OmnipathR/cache.json` (encoding: UTF-8).
[2024-04-11 10:24:47] [TRACE]   [OmnipathR] JSON validation successful: TRUE
[2024-04-11 10:24:47] [INFO]    [OmnipathR] Looking up in cache `https://www.ensembl.org/info/about/species.html`: key=7332486db7400730697234bad76ca0c8e4d00799, no version available.
[2024-04-11 10:24:47] [TRACE]   [OmnipathR] Reading JSON from `/home/yooeunkim_980629/.cache/OmnipathR/cache.json` (encoding: UTF-8).
[2024-04-11 10:24:47] [TRACE]   [OmnipathR] JSON validation successful: TRUE
[2024-04-11 10:24:47] [INFO]    [OmnipathR] Created new version for cache record 7332486db7400730697234bad76ca0c8e4d00799: version 1.
[2024-04-11 10:24:47] [TRACE]   [OmnipathR] Cache file path: /home/yooeunkim_980629/.cache/OmnipathR/7332486db7400730697234bad76ca0c8e4d00799-1.html
[2024-04-11 10:24:47] [INFO]    [OmnipathR] Retrieving URL: `https://www.ensembl.org/info/about/species.html`
[2024-04-11 10:24:47] [TRACE]   [OmnipathR] Attempt 1/3: `https://www.ensembl.org/info/about/species.html`
[2024-04-11 10:24:49] [TRACE]   [OmnipathR] HTTP 200
[2024-04-11 10:24:49] [INFO]    [OmnipathR] Download ready [key=7332486db7400730697234bad76ca0c8e4d00799, version=1]
[2024-04-11 10:24:49] [TRACE]   [OmnipathR] Reading JSON from `/home/yooeunkim_980629/.cache/OmnipathR/cache.json` (encoding: UTF-8).
[2024-04-11 10:24:49] [TRACE]   [OmnipathR] JSON validation successful: TRUE
[2024-04-11 10:24:49] [INFO]    [OmnipathR] Cache item `7332486db7400730697234bad76ca0c8e4d00799` version 1: status changed from `unknown` to `ready`.
[2024-04-11 10:24:50] [TRACE]   [OmnipathR] Looking up in cache: `https://omabrowser.org/All/oma-species.txt`.
[2024-04-11 10:24:50] [INFO]    [OmnipathR] Cache record does not exist: `https://omabrowser.org/All/oma-species.txt`
[2024-04-11 10:24:50] [TRACE]   [OmnipathR] Could not find in cache, initiating download: `https://omabrowser.org/All/oma-species.txt`.
[2024-04-11 10:24:50] [TRACE]   [OmnipathR] Reading JSON from `/home/yooeunkim_980629/.cache/OmnipathR/cache.json` (encoding: UTF-8).
[2024-04-11 10:24:50] [TRACE]   [OmnipathR] JSON validation successful: TRUE
[2024-04-11 10:24:50] [TRACE]   [OmnipathR] Reading JSON from `/home/yooeunkim_980629/.cache/OmnipathR/cache.json` (encoding: UTF-8).
[2024-04-11 10:24:50] [TRACE]   [OmnipathR] JSON validation successful: TRUE
[2024-04-11 10:24:50] [INFO]    [OmnipathR] Cache item `30e690cbb55dfc63b5903ab337f34ffc2f4be397` version 1: status changed from `unknown` to `started`.
[2024-04-11 10:24:50] [TRACE]   [OmnipathR] Exporting object to RDS: `/home/yooeunkim_980629/.cache/OmnipathR/30e690cbb55dfc63b5903ab337f34ffc2f4be397-1.rds`.
[2024-04-11 10:24:50] [INFO]    [OmnipathR] Retrieving URL: `https://omabrowser.org/All/oma-species.txt`
[2024-04-11 10:24:50] [TRACE]   [OmnipathR] Attempt 1/3: `https://omabrowser.org/All/oma-species.txt`
[2024-04-11 10:24:52] [TRACE]   [OmnipathR] Exported RDS to `/home/yooeunkim_980629/.cache/OmnipathR/30e690cbb55dfc63b5903ab337f34ffc2f4be397-1.rds`.
[2024-04-11 10:24:52] [INFO]    [OmnipathR] Download ready [key=30e690cbb55dfc63b5903ab337f34ffc2f4be397, version=1]
[2024-04-11 10:24:52] [TRACE]   [OmnipathR] Reading JSON from `/home/yooeunkim_980629/.cache/OmnipathR/cache.json` (encoding: UTF-8).
[2024-04-11 10:24:52] [TRACE]   [OmnipathR] JSON validation successful: TRUE
[2024-04-11 10:24:52] [INFO]    [OmnipathR] Cache item `30e690cbb55dfc63b5903ab337f34ffc2f4be397` version 1: status changed from `started` to `ready`.
[2024-04-11 10:24:52] [INFO]    [OmnipathR] Loaded database `Ensembl and OMA organism names`.
[2024-04-11 10:24:54] [TRACE]   [OmnipathR] Reading JSON from `https://omnipathdb.org/resources` (encoding: UTF-8).
[2024-04-11 10:24:54] [TRACE]   [OmnipathR] JSON validation successful: TRUE
[2024-04-11 10:24:54] [TRACE]   [OmnipathR] Looking up in cache: `https://omnipathdb.org/interactions?genesymbols=yes&resources=DEPOD,SIGNOR,Reactome_ProtMapper&datasets=omnipath&organisms=9606&fields=sources,references,curation_effort&license=academic`
[2024-04-11 10:24:54] [INFO]    [OmnipathR] Cache record does not exist: `https://omnipathdb.org/interactions?genesymbols=yes&resources=DEPOD,SIGNOR,Reactome_ProtMapper&datasets=omnipath&organisms=9606&fields=sources,references,curation_effort&license=academic`
[2024-04-11 10:24:54] [TRACE]   [OmnipathR] Looking up in cache: `http://no-tls.omnipathdb.org/interactions?genesymbols=yes&resources=DEPOD,SIGNOR,Reactome_ProtMapper&datasets=omnipath&organisms=9606&fields=sources,references,curation_effort&license=academic`
[2024-04-11 10:24:54] [INFO]    [OmnipathR] Cache record does not exist: `http://no-tls.omnipathdb.org/interactions?genesymbols=yes&resources=DEPOD,SIGNOR,Reactome_ProtMapper&datasets=omnipath&organisms=9606&fields=sources,references,curation_effort&license=academic`
[2024-04-11 10:24:54] [TRACE]   [OmnipathR] Attempting `https://omnipathdb.org/interactions?genesymbols=yes&resources=DEPOD,SIGNOR,Reactome_ProtMapper&datasets=omnipath&organisms=9606&fields=sources,references,curation_effort&license=academic`
[2024-04-11 10:24:54] [INFO]    [OmnipathR] Retrieving URL: `https://omnipathdb.org/interactions?genesymbols=yes&resources=DEPOD,SIGNOR,Reactome_ProtMapper&datasets=omnipath&organisms=9606&fields=sources,references,curation_effort&license=academic`
[2024-04-11 10:24:54] [TRACE]   [OmnipathR] Attempt 1/3: `https://omnipathdb.org/interactions?genesymbols=yes&resources=DEPOD,SIGNOR,Reactome_ProtMapper&datasets=omnipath&organisms=9606&fields=sources,references,curation_effort&license=academic`
[2024-04-11 10:25:05] [TRACE]   [OmnipathR] Reading JSON from `https://omnipathdb.org/queries/interactions?format=json` (encoding: UTF-8).
[2024-04-11 10:25:05] [TRACE]   [OmnipathR] JSON validation successful: TRUE
[2024-04-11 10:25:05] [TRACE]   [OmnipathR] Looking up in cache: `https://omnipathdb.org/interactions?genesymbols=yes&datasets=collectri,dorothea,kinaseextra,ligrecextra,lncrna_mrna,mirnatarget,omnipath,pathwayextra,small_molecule,tf_mirna,tf_target,tfregulons&organisms=9606&dorothea_levels=A,B&fields=type,dorothea_level,sources,references,curation_effort&license=academic`
[2024-04-11 10:25:05] [INFO]    [OmnipathR] Cache record does not exist: `https://omnipathdb.org/interactions?genesymbols=yes&datasets=collectri,dorothea,kinaseextra,ligrecextra,lncrna_mrna,mirnatarget,omnipath,pathwayextra,small_molecule,tf_mirna,tf_target,tfregulons&organisms=9606&dorothea_levels=A,B&fields=type,dorothea_level,sources,references,curation_effort&license=academic`
[2024-04-11 10:25:05] [TRACE]   [OmnipathR] Looking up in cache: `http://no-tls.omnipathdb.org/interactions?genesymbols=yes&datasets=collectri,dorothea,kinaseextra,ligrecextra,lncrna_mrna,mirnatarget,omnipath,pathwayextra,small_molecule,tf_mirna,tf_target,tfregulons&organisms=9606&dorothea_levels=A,B&fields=type,dorothea_level,sources,references,curation_effort&license=academic`
[2024-04-11 10:25:05] [INFO]    [OmnipathR] Cache record does not exist: `http://no-tls.omnipathdb.org/interactions?genesymbols=yes&datasets=collectri,dorothea,kinaseextra,ligrecextra,lncrna_mrna,mirnatarget,omnipath,pathwayextra,small_molecule,tf_mirna,tf_target,tfregulons&organisms=9606&dorothea_levels=A,B&fields=type,dorothea_level,sources,references,curation_effort&license=academic`
[2024-04-11 10:25:05] [TRACE]   [OmnipathR] Attempting `https://omnipathdb.org/interactions?genesymbols=yes&datasets=collectri,dorothea,kinaseextra,ligrecextra,lncrna_mrna,mirnatarget,omnipath,pathwayextra,small_molecule,tf_mirna,tf_target,tfregulons&organisms=9606&dorothea_levels=A,B&fields=type,dorothea_level,sources,references,curation_effort&license=academic`
[2024-04-11 10:25:05] [INFO]    [OmnipathR] Retrieving URL: `https://omnipathdb.org/interactions?genesymbols=yes&datasets=collectri,dorothea,kinaseextra,ligrecextra,lncrna_mrna,mirnatarget,omnipath,pathwayextra,small_molecule,tf_mirna,tf_target,tfregulons&organisms=9606&dorothea_levels=A,B&fields=type,dorothea_level,sources,references,curation_effort&license=academic`
[2024-04-11 10:25:05] [TRACE]   [OmnipathR] Attempt 1/3: `https://omnipathdb.org/interactions?genesymbols=yes&datasets=collectri,dorothea,kinaseextra,ligrecextra,lncrna_mrna,mirnatarget,omnipath,pathwayextra,small_molecule,tf_mirna,tf_target,tfregulons&organisms=9606&dorothea_levels=A,B&fields=type,dorothea_level,sources,references,curation_effort&license=academic`
[2024-04-11 10:25:19] [INFO]    [OmnipathR] Successfully retrieved: `https://omnipathdb.org/interactions?genesymbols=yes&datasets=collectri,dorothea,kinaseextra,ligrecextra,lncrna_mrna,mirnatarget,omnipath,pathwayextra,small_molecule,tf_mirna,tf_target,tfregulons&organisms=9606&dorothea_levels=A,B&fields=type,dorothea_level,sources,references,curation_effort&license=academic`
[2024-04-11 10:25:19] [TRACE]   [OmnipathR] Reading JSON from `/home/yooeunkim_980629/.cache/OmnipathR/cache.json` (encoding: UTF-8).
[2024-04-11 10:25:19] [TRACE]   [OmnipathR] JSON validation successful: TRUE
[2024-04-11 10:25:19] [TRACE]   [OmnipathR] Reading JSON from `/home/yooeunkim_980629/.cache/OmnipathR/cache.json` (encoding: UTF-8).
[2024-04-11 10:25:19] [TRACE]   [OmnipathR] JSON validation successful: TRUE
[2024-04-11 10:25:19] [INFO]    [OmnipathR] Cache item `832ce27219b0249204eeffdfe9218a33b1cc0f35` version 1: status changed from `unknown` to `started`.
[2024-04-11 10:25:19] [TRACE]   [OmnipathR] Exporting object to RDS: `/home/yooeunkim_980629/.cache/OmnipathR/832ce27219b0249204eeffdfe9218a33b1cc0f35-1.rds`.
[2024-04-11 10:25:21] [TRACE]   [OmnipathR] Exported RDS to `/home/yooeunkim_980629/.cache/OmnipathR/832ce27219b0249204eeffdfe9218a33b1cc0f35-1.rds`.
[2024-04-11 10:25:21] [INFO]    [OmnipathR] Download ready [key=832ce27219b0249204eeffdfe9218a33b1cc0f35, version=1]
[2024-04-11 10:25:21] [TRACE]   [OmnipathR] Reading JSON from `/home/yooeunkim_980629/.cache/OmnipathR/cache.json` (encoding: UTF-8).
[2024-04-11 10:25:21] [TRACE]   [OmnipathR] JSON validation successful: TRUE
[2024-04-11 10:25:21] [INFO]    [OmnipathR] Cache item `832ce27219b0249204eeffdfe9218a33b1cc0f35` version 1: status changed from `started` to `ready`.
[2024-04-11 10:25:28] [SUCCESS] [OmnipathR] Downloaded 282504 interactions.
